{"C:\\Users\\Dell\\Desktop\\Namaste React\\src\\component\\Contact.js": {"path":"C:\\Users\\Dell\\Desktop\\Namaste React\\src\\component\\Contact.js","statementMap":{"0":{"start":{"line":1,"column":16},"end":{"line":8,"column":3}},"1":{"start":{"line":2,"column":4},"end":{"line":7,"column":6}}},"fnMap":{"0":{"name":"(anonymous_0)","decl":{"start":{"line":1,"column":16},"end":{"line":1,"column":17}},"loc":{"start":{"line":1,"column":22},"end":{"line":8,"column":3}},"line":1}},"branchMap":{},"s":{"0":1,"1":2},"f":{"0":2},"b":{},"_coverageSchema":"1a1c01bbd47fc00a2c39e90264f33305004495a9","hash":"b8d6eea184852b441afe7f0402a943e1c252ffa6"}
,"C:\\Users\\Dell\\Desktop\\Namaste React\\src\\component\\sum.js": {"path":"C:\\Users\\Dell\\Desktop\\Namaste React\\src\\component\\sum.js","statementMap":{"0":{"start":{"line":1,"column":19},"end":{"line":3,"column":3}},"1":{"start":{"line":2,"column":4},"end":{"line":2,"column":17}}},"fnMap":{"0":{"name":"(anonymous_0)","decl":{"start":{"line":1,"column":19},"end":{"line":1,"column":20}},"loc":{"start":{"line":1,"column":28},"end":{"line":3,"column":3}},"line":1}},"branchMap":{},"s":{"0":1,"1":1},"f":{"0":1},"b":{},"_coverageSchema":"1a1c01bbd47fc00a2c39e90264f33305004495a9","hash":"6d1401c1a2ff5b947c9555d6ce878a39839ace63"}
}
