{"C:\\Users\\Dell\\Desktop\\Namaste React\\src\\component\\Header.js": {"path":"C:\\Users\\Dell\\Desktop\\Namaste React\\src\\component\\Header.js","statementMap":{"0":{"start":{"line":9,"column":15},"end":{"line":49,"column":1}},"1":{"start":{"line":10,"column":26},"end":{"line":10,"column":43}},"2":{"start":{"line":11,"column":17},"end":{"line":11,"column":34}},"3":{"start":{"line":12,"column":27},"end":{"line":12,"column":50}},"4":{"start":{"line":13,"column":20},"end":{"line":13,"column":60}},"5":{"start":{"line":13,"column":43},"end":{"line":13,"column":59}},"6":{"start":{"line":15,"column":2},"end":{"line":48,"column":4}},"7":{"start":{"line":38,"column":16},"end":{"line":38,"column":72}}},"fnMap":{"0":{"name":"(anonymous_0)","decl":{"start":{"line":9,"column":15},"end":{"line":9,"column":16}},"loc":{"start":{"line":9,"column":21},"end":{"line":49,"column":1}},"line":9},"1":{"name":"(anonymous_1)","decl":{"start":{"line":13,"column":32},"end":{"line":13,"column":33}},"loc":{"start":{"line":13,"column":43},"end":{"line":13,"column":59}},"line":13},"2":{"name":"(anonymous_2)","decl":{"start":{"line":37,"column":23},"end":{"line":37,"column":24}},"loc":{"start":{"line":37,"column":29},"end":{"line":39,"column":15}},"line":37}},"branchMap":{"0":{"loc":{"start":{"line":34,"column":47},"end":{"line":34,"column":66}},"type":"cond-expr","locations":[{"start":{"line":34,"column":56},"end":{"line":34,"column":59}},{"start":{"line":34,"column":62},"end":{"line":34,"column":66}}],"line":34},"1":{"loc":{"start":{"line":38,"column":16},"end":{"line":38,"column":71}},"type":"cond-expr","locations":[{"start":{"line":38,"column":35},"end":{"line":38,"column":52}},{"start":{"line":38,"column":55},"end":{"line":38,"column":71}}],"line":38}},"s":{"0":1,"1":5,"2":5,"3":5,"4":5,"5":9,"6":5,"7":1},"f":{"0":5,"1":9,"2":1},"b":{"0":[5,0],"1":[1,0]},"_coverageSchema":"1a1c01bbd47fc00a2c39e90264f33305004495a9","hash":"ca762b832ea67bfd04b711b3fb474a25f325efe5"}
,"C:\\Users\\Dell\\Desktop\\Namaste React\\src\\utils\\appStore.js": {"path":"C:\\Users\\Dell\\Desktop\\Namaste React\\src\\utils\\appStore.js","statementMap":{"0":{"start":{"line":4,"column":17},"end":{"line":9,"column":2}}},"fnMap":{},"branchMap":{},"s":{"0":1},"f":{},"b":{},"_coverageSchema":"1a1c01bbd47fc00a2c39e90264f33305004495a9","hash":"b88f8a27ebd6711334e75970e3c3d3b7338bd03b"}
,"C:\\Users\\Dell\\Desktop\\Namaste React\\src\\utils\\cartSlice.js": {"path":"C:\\Users\\Dell\\Desktop\\Namaste React\\src\\utils\\cartSlice.js","statementMap":{"0":{"start":{"line":3,"column":18},"end":{"line":21,"column":2}},"1":{"start":{"line":10,"column":12},"end":{"line":10,"column":45}},"2":{"start":{"line":14,"column":12},"end":{"line":14,"column":30}},"3":{"start":{"line":18,"column":12},"end":{"line":18,"column":29}},"4":{"start":{"line":22,"column":45},"end":{"line":22,"column":62}}},"fnMap":{"0":{"name":"(anonymous_0)","decl":{"start":{"line":9,"column":16},"end":{"line":9,"column":17}},"loc":{"start":{"line":9,"column":32},"end":{"line":11,"column":9}},"line":9},"1":{"name":"(anonymous_1)","decl":{"start":{"line":13,"column":19},"end":{"line":13,"column":20}},"loc":{"start":{"line":13,"column":28},"end":{"line":15,"column":9}},"line":13},"2":{"name":"(anonymous_2)","decl":{"start":{"line":17,"column":18},"end":{"line":17,"column":19}},"loc":{"start":{"line":17,"column":27},"end":{"line":19,"column":9}},"line":17}},"branchMap":{},"s":{"0":1,"1":0,"2":0,"3":0,"4":1},"f":{"0":0,"1":0,"2":0},"b":{},"_coverageSchema":"1a1c01bbd47fc00a2c39e90264f33305004495a9","hash":"b16df9211cdee17b6794128e6f395734e5d3cf3e"}
}
