TN:
SF:src\component\Header.js
FN:9,(anonymous_0)
FN:13,(anonymous_1)
FN:37,(anonymous_2)
FNF:3
FNH:3
FNDA:5,(anonymous_0)
FNDA:9,(anonymous_1)
FNDA:1,(anonymous_2)
DA:9,1
DA:10,5
DA:11,5
DA:12,5
DA:13,9
DA:15,5
DA:38,1
LF:7
LH:7
BRDA:34,0,0,5
BRDA:34,0,1,0
BRDA:38,1,0,1
BRDA:38,1,1,0
BRF:4
BRH:2
end_of_record
TN:
SF:src\utils\appStore.js
FNF:0
FNH:0
DA:4,1
LF:1
LH:1
BRF:0
BRH:0
end_of_record
TN:
SF:src\utils\cartSlice.js
FN:9,(anonymous_0)
FN:13,(anonymous_1)
FN:17,(anonymous_2)
FNF:3
FNH:0
FNDA:0,(anonymous_0)
FNDA:0,(anonymous_1)
FNDA:0,(anonymous_2)
DA:3,1
DA:10,0
DA:14,0
DA:18,0
DA:22,1
LF:5
LH:2
BRF:0
BRH:0
end_of_record
